    Checking myblog v0.1.0 (/home/fahri/Documents/project/myblog)
error[E0433]: failed to resolve: could not find `__path_create_tag` in `controller`
 --> src/app/drivers/openapi.rs:3:10
  |
3 | #[derive(OpenApi)]
  |          ^^^^^^^ could not find `__path_create_tag` in `controller`
  |
  = note: this error originates in the derive macro `OpenApi` (in Nightly builds, run with -Z macro-backtrace for more info)

error[E0433]: failed to resolve: could not find `__path_get_tags` in `controller`
 --> src/app/drivers/openapi.rs:3:10
  |
3 | #[derive(OpenApi)]
  |          ^^^^^^^ could not find `__path_get_tags` in `controller`
  |
  = note: this error originates in the derive macro `OpenApi` (in Nightly builds, run with -Z macro-backtrace for more info)

error[E0433]: failed to resolve: could not find `__path_get_tag` in `controller`
 --> src/app/drivers/openapi.rs:3:10
  |
3 | #[derive(OpenApi)]
  |          ^^^^^^^ could not find `__path_get_tag` in `controller`
  |
  = note: this error originates in the derive macro `OpenApi` (in Nightly builds, run with -Z macro-backtrace for more info)

error[E0433]: failed to resolve: could not find `__path_update_tag` in `controller`
 --> src/app/drivers/openapi.rs:3:10
  |
3 | #[derive(OpenApi)]
  |          ^^^^^^^ could not find `__path_update_tag` in `controller`
  |
  = note: this error originates in the derive macro `OpenApi` (in Nightly builds, run with -Z macro-backtrace for more info)

error[E0433]: failed to resolve: could not find `__path_delete_tag` in `controller`
 --> src/app/drivers/openapi.rs:3:10
  |
3 | #[derive(OpenApi)]
  |          ^^^^^^^ could not find `__path_delete_tag` in `controller`
  |
  = note: this error originates in the derive macro `OpenApi` (in Nightly builds, run with -Z macro-backtrace for more info)

error[E0433]: failed to resolve: could not find `__path_create_blog` in `controller`
 --> src/app/drivers/openapi.rs:3:10
  |
3 | #[derive(OpenApi)]
  |          ^^^^^^^ could not find `__path_create_blog` in `controller`
  |
  = note: this error originates in the derive macro `OpenApi` (in Nightly builds, run with -Z macro-backtrace for more info)

error[E0433]: failed to resolve: could not find `__path_get_blogs` in `controller`
 --> src/app/drivers/openapi.rs:3:10
  |
3 | #[derive(OpenApi)]
  |          ^^^^^^^ could not find `__path_get_blogs` in `controller`
  |
  = note: this error originates in the derive macro `OpenApi` (in Nightly builds, run with -Z macro-backtrace for more info)

error[E0433]: failed to resolve: could not find `__path_get_blog` in `controller`
 --> src/app/drivers/openapi.rs:3:10
  |
3 | #[derive(OpenApi)]
  |          ^^^^^^^ could not find `__path_get_blog` in `controller`
  |
  = note: this error originates in the derive macro `OpenApi` (in Nightly builds, run with -Z macro-backtrace for more info)

error[E0433]: failed to resolve: could not find `__path_update_blog` in `controller`
 --> src/app/drivers/openapi.rs:3:10
  |
3 | #[derive(OpenApi)]
  |          ^^^^^^^ could not find `__path_update_blog` in `controller`
  |
  = note: this error originates in the derive macro `OpenApi` (in Nightly builds, run with -Z macro-backtrace for more info)

error[E0433]: failed to resolve: could not find `__path_delete_blog` in `controller`
 --> src/app/drivers/openapi.rs:3:10
  |
3 | #[derive(OpenApi)]
  |          ^^^^^^^ could not find `__path_delete_blog` in `controller`
  |
  = note: this error originates in the derive macro `OpenApi` (in Nightly builds, run with -Z macro-backtrace for more info)

error[E0433]: failed to resolve: could not find `__path_create_project` in `controller`
 --> src/app/drivers/openapi.rs:3:10
  |
3 | #[derive(OpenApi)]
  |          ^^^^^^^ could not find `__path_create_project` in `controller`
  |
  = note: this error originates in the derive macro `OpenApi` (in Nightly builds, run with -Z macro-backtrace for more info)

error[E0433]: failed to resolve: could not find `__path_get_all_projects` in `controller`
 --> src/app/drivers/openapi.rs:3:10
  |
3 | #[derive(OpenApi)]
  |          ^^^^^^^ could not find `__path_get_all_projects` in `controller`
  |
  = note: this error originates in the derive macro `OpenApi` (in Nightly builds, run with -Z macro-backtrace for more info)

error[E0433]: failed to resolve: could not find `__path_get_project` in `controller`
 --> src/app/drivers/openapi.rs:3:10
  |
3 | #[derive(OpenApi)]
  |          ^^^^^^^ could not find `__path_get_project` in `controller`
  |
  = note: this error originates in the derive macro `OpenApi` (in Nightly builds, run with -Z macro-backtrace for more info)

error[E0433]: failed to resolve: could not find `__path_update_project` in `controller`
 --> src/app/drivers/openapi.rs:3:10
  |
3 | #[derive(OpenApi)]
  |          ^^^^^^^ could not find `__path_update_project` in `controller`
  |
  = note: this error originates in the derive macro `OpenApi` (in Nightly builds, run with -Z macro-backtrace for more info)

error[E0433]: failed to resolve: could not find `__path_delete_project` in `controller`
 --> src/app/drivers/openapi.rs:3:10
  |
3 | #[derive(OpenApi)]
  |          ^^^^^^^ could not find `__path_delete_project` in `controller`
  |
  = note: this error originates in the derive macro `OpenApi` (in Nightly builds, run with -Z macro-backtrace for more info)

error[E0433]: failed to resolve: could not find `__path_create_stack` in `controller`
 --> src/app/drivers/openapi.rs:3:10
  |
3 | #[derive(OpenApi)]
  |          ^^^^^^^ could not find `__path_create_stack` in `controller`
  |
  = note: this error originates in the derive macro `OpenApi` (in Nightly builds, run with -Z macro-backtrace for more info)

error[E0433]: failed to resolve: could not find `__path_get_all_stacks` in `controller`
 --> src/app/drivers/openapi.rs:3:10
  |
3 | #[derive(OpenApi)]
  |          ^^^^^^^ could not find `__path_get_all_stacks` in `controller`
  |
  = note: this error originates in the derive macro `OpenApi` (in Nightly builds, run with -Z macro-backtrace for more info)

error[E0433]: failed to resolve: could not find `__path_get_stack` in `controller`
 --> src/app/drivers/openapi.rs:3:10
  |
3 | #[derive(OpenApi)]
  |          ^^^^^^^ could not find `__path_get_stack` in `controller`
  |
  = note: this error originates in the derive macro `OpenApi` (in Nightly builds, run with -Z macro-backtrace for more info)

error[E0433]: failed to resolve: could not find `__path_update_stack` in `controller`
 --> src/app/drivers/openapi.rs:3:10
  |
3 | #[derive(OpenApi)]
  |          ^^^^^^^ could not find `__path_update_stack` in `controller`
  |
  = note: this error originates in the derive macro `OpenApi` (in Nightly builds, run with -Z macro-backtrace for more info)

error[E0433]: failed to resolve: could not find `__path_delete_stack` in `controller`
 --> src/app/drivers/openapi.rs:3:10
  |
3 | #[derive(OpenApi)]
  |          ^^^^^^^ could not find `__path_delete_stack` in `controller`
  |
  = note: this error originates in the derive macro `OpenApi` (in Nightly builds, run with -Z macro-backtrace for more info)

error[E0412]: cannot find type `__path_create_tag` in module `crate::app::features::blog::interface::controller`
 --> src/app/drivers/openapi.rs:3:10
  |
3 | #[derive(OpenApi)]
  |          ^^^^^^^ not found in `crate::app::features::blog::interface::controller`
  |
  = note: this error originates in the derive macro `OpenApi` (in Nightly builds, run with -Z macro-backtrace for more info)

error[E0412]: cannot find type `__path_get_tags` in module `crate::app::features::blog::interface::controller`
 --> src/app/drivers/openapi.rs:3:10
  |
3 | #[derive(OpenApi)]
  |          ^^^^^^^ not found in `crate::app::features::blog::interface::controller`
  |
  = note: this error originates in the derive macro `OpenApi` (in Nightly builds, run with -Z macro-backtrace for more info)

error[E0412]: cannot find type `__path_get_tag` in module `crate::app::features::blog::interface::controller`
 --> src/app/drivers/openapi.rs:3:10
  |
3 | #[derive(OpenApi)]
  |          ^^^^^^^ not found in `crate::app::features::blog::interface::controller`
  |
  = note: this error originates in the derive macro `OpenApi` (in Nightly builds, run with -Z macro-backtrace for more info)

error[E0412]: cannot find type `__path_update_tag` in module `crate::app::features::blog::interface::controller`
 --> src/app/drivers/openapi.rs:3:10
  |
3 | #[derive(OpenApi)]
  |          ^^^^^^^ not found in `crate::app::features::blog::interface::controller`
  |
  = note: this error originates in the derive macro `OpenApi` (in Nightly builds, run with -Z macro-backtrace for more info)

error[E0412]: cannot find type `__path_delete_tag` in module `crate::app::features::blog::interface::controller`
 --> src/app/drivers/openapi.rs:3:10
  |
3 | #[derive(OpenApi)]
  |          ^^^^^^^ not found in `crate::app::features::blog::interface::controller`
  |
  = note: this error originates in the derive macro `OpenApi` (in Nightly builds, run with -Z macro-backtrace for more info)

error[E0412]: cannot find type `__path_create_blog` in module `crate::app::features::blog::interface::controller`
 --> src/app/drivers/openapi.rs:3:10
  |
3 | #[derive(OpenApi)]
  |          ^^^^^^^ not found in `crate::app::features::blog::interface::controller`
  |
  = note: this error originates in the derive macro `OpenApi` (in Nightly builds, run with -Z macro-backtrace for more info)

error[E0412]: cannot find type `__path_get_blogs` in module `crate::app::features::blog::interface::controller`
 --> src/app/drivers/openapi.rs:3:10
  |
3 | #[derive(OpenApi)]
  |          ^^^^^^^ not found in `crate::app::features::blog::interface::controller`
  |
  = note: this error originates in the derive macro `OpenApi` (in Nightly builds, run with -Z macro-backtrace for more info)

error[E0412]: cannot find type `__path_get_blog` in module `crate::app::features::blog::interface::controller`
 --> src/app/drivers/openapi.rs:3:10
  |
3 | #[derive(OpenApi)]
  |          ^^^^^^^ not found in `crate::app::features::blog::interface::controller`
  |
  = note: this error originates in the derive macro `OpenApi` (in Nightly builds, run with -Z macro-backtrace for more info)

error[E0412]: cannot find type `__path_update_blog` in module `crate::app::features::blog::interface::controller`
 --> src/app/drivers/openapi.rs:3:10
  |
3 | #[derive(OpenApi)]
  |          ^^^^^^^ not found in `crate::app::features::blog::interface::controller`
  |
  = note: this error originates in the derive macro `OpenApi` (in Nightly builds, run with -Z macro-backtrace for more info)

error[E0412]: cannot find type `__path_delete_blog` in module `crate::app::features::blog::interface::controller`
 --> src/app/drivers/openapi.rs:3:10
  |
3 | #[derive(OpenApi)]
  |          ^^^^^^^ not found in `crate::app::features::blog::interface::controller`
  |
  = note: this error originates in the derive macro `OpenApi` (in Nightly builds, run with -Z macro-backtrace for more info)

error[E0412]: cannot find type `__path_create_project` in module `crate::app::features::projects::interface::controller`
  --> src/app/drivers/openapi.rs:3:10
   |
 3 | #[derive(OpenApi)]
   |          ^^^^^^^
   |
  ::: src/app/features/projects/interface/controller.rs:11:1
   |
11 | #[post("/projects")]
   | -------------------- similarly named struct `create_project` defined here
   |
   = note: this error originates in the derive macro `OpenApi` (in Nightly builds, run with -Z macro-backtrace for more info)

error[E0412]: cannot find type `__path_get_all_projects` in module `crate::app::features::projects::interface::controller`
  --> src/app/drivers/openapi.rs:3:10
   |
 3 | #[derive(OpenApi)]
   |          ^^^^^^^
   |
  ::: src/app/features/projects/interface/controller.rs:30:1
   |
30 | #[get("/projects")]
   | ------------------- similarly named struct `get_all_projects` defined here
   |
   = note: this error originates in the derive macro `OpenApi` (in Nightly builds, run with -Z macro-backtrace for more info)

error[E0412]: cannot find type `__path_get_project` in module `crate::app::features::projects::interface::controller`
 --> src/app/drivers/openapi.rs:3:10
  |
3 | #[derive(OpenApi)]
  |          ^^^^^^^ not found in `crate::app::features::projects::interface::controller`
  |
  = note: this error originates in the derive macro `OpenApi` (in Nightly builds, run with -Z macro-backtrace for more info)

error[E0412]: cannot find type `__path_update_project` in module `crate::app::features::projects::interface::controller`
  --> src/app/drivers/openapi.rs:3:10
   |
 3 | #[derive(OpenApi)]
   |          ^^^^^^^
   |
  ::: src/app/features/projects/interface/controller.rs:67:1
   |
67 | #[put("/projects/{id}")]
   | ----------------- similarly named struct `update_project` defined here
   |
   = note: this error originates in the derive macro `OpenApi` (in Nightly builds, run with -Z macro-backtrace for more info)

error[E0412]: cannot find type `__path_delete_project` in module `crate::app::features::projects::interface::controller`
  --> src/app/drivers/openapi.rs:3:10
   |
 3 | #[derive(OpenApi)]
   |          ^^^^^^^
   |
  ::: src/app/features/projects/interface/controller.rs:97:1
   |
97 | #[delete("/projects/{id}")]
   | -------------------- similarly named struct `delete_project` defined here
   |
   = note: this error originates in the derive macro `OpenApi` (in Nightly builds, run with -Z macro-backtrace for more info)

error[E0412]: cannot find type `__path_create_stack` in module `crate::app::features::projects::interface::controller`
 --> src/app/drivers/openapi.rs:3:10
  |
3 | #[derive(OpenApi)]
  |          ^^^^^^^ not found in `crate::app::features::projects::interface::controller`
  |
  = note: this error originates in the derive macro `OpenApi` (in Nightly builds, run with -Z macro-backtrace for more info)

error[E0412]: cannot find type `__path_get_all_stacks` in module `crate::app::features::projects::interface::controller`
   --> src/app/drivers/openapi.rs:3:10
    |
  3 | #[derive(OpenApi)]
    |          ^^^^^^^
    |
   ::: src/app/features/projects/interface/controller.rs:137:1
    |
137 | #[get("/stacks")]
    | ----------------- similarly named struct `get_all_stacks` defined here
    |
    = note: this error originates in the derive macro `OpenApi` (in Nightly builds, run with -Z macro-backtrace for more info)

error[E0412]: cannot find type `__path_get_stack` in module `crate::app::features::projects::interface::controller`
 --> src/app/drivers/openapi.rs:3:10
  |
3 | #[derive(OpenApi)]
  |          ^^^^^^^ not found in `crate::app::features::projects::interface::controller`
  |
  = note: this error originates in the derive macro `OpenApi` (in Nightly builds, run with -Z macro-backtrace for more info)

error[E0412]: cannot find type `__path_update_stack` in module `crate::app::features::projects::interface::controller`
 --> src/app/drivers/openapi.rs:3:10
  |
3 | #[derive(OpenApi)]
  |          ^^^^^^^ not found in `crate::app::features::projects::interface::controller`
  |
  = note: this error originates in the derive macro `OpenApi` (in Nightly builds, run with -Z macro-backtrace for more info)

error[E0412]: cannot find type `__path_delete_stack` in module `crate::app::features::projects::interface::controller`
 --> src/app/drivers/openapi.rs:3:10
  |
3 | #[derive(OpenApi)]
  |          ^^^^^^^ not found in `crate::app::features::projects::interface::controller`
  |
  = note: this error originates in the derive macro `OpenApi` (in Nightly builds, run with -Z macro-backtrace for more info)

warning: unused import: `SuccessResponse`
  --> src/app/features/auth/interface/controller.rs:11:5
   |
11 |     SuccessResponse, map_success_response, map_success_with_data,
   |     ^^^^^^^^^^^^^^^
   |
   = note: `#[warn(unused_imports)]` (part of `#[warn(unused)]`) on by default

warning: unused imports: `BlogResponseDto` and `TagResponseDto`
 --> src/app/features/blog/interface/controller.rs:2:5
  |
2 |     BlogResponseDto, CategoryResponseDto, CreateBlogRequestDto, CreateCategoryRequestDto,
  |     ^^^^^^^^^^^^^^^
3 |     CreateTagRequestDto, PaginationRequestDto, TagResponseDto, UpdateBlogRequestDto,
  |                                                ^^^^^^^^^^^^^^

warning: unused import: `SuccessResponse`
 --> src/app/features/blog/interface/controller.rs:9:5
  |
9 |     SuccessResponse, map_success_response, map_success_with_data,
  |     ^^^^^^^^^^^^^^^

warning: unused import: `SuccessResponse`
 --> src/app/features/home/interface/controllers.rs:2:38
  |
2 | use crate::utils::success_response::{SuccessResponse, map_success_response};
  |                                      ^^^^^^^^^^^^^^^

Some errors have detailed explanations: E0412, E0433.
For more information about an error, try `rustc --explain E0412`.
warning: `myblog` (bin "myblog") generated 4 warnings
error: could not compile `myblog` (bin "myblog") due to 40 previous errors; 4 warnings emitted
